<?xml version="1.0" encoding="UTF-8"?>
<!-- Generated by org.testng.reporters.JUnitXMLReporter -->
<testsuite ignored="0" hostname="DESKTOP-FIF2BTC" failures="0" tests="8" name="Default test" time="55.526" errors="0" timestamp="2024-08-12T18:05:36 IST">
  <testcase classname="advanceSelenium.ToLearnDataProvider" name="login" time="8.435"/>
  <testcase classname="advanceSelenium.ToLearnDataProvider" name="login" time="6.799"/>
  <testcase classname="advanceSelenium.ToLearnDataProvider" name="login" time="6.515"/>
  <testcase classname="advanceSelenium.ToLearnDataProvider" name="login" time="6.606"/>
  <testcase classname="advanceSelenium.ToLearnDataProvider" name="login" time="6.566"/>
  <testcase classname="advanceSelenium.ToLearnDataProvider" name="login" time="6.65"/>
  <testcase classname="advanceSelenium.ToLearnDataProvider" name="login" time="7.024"/>
  <testcase classname="advanceSelenium.ToLearnDataProvider" name="login" time="6.785"/>
</testsuite> <!-- Default test -->
