<?xml version="1.0" encoding="UTF-8"?>
<testng-results ignored="0" total="8" passed="8" failed="0" skipped="0">
  <reporter-output>
  </reporter-output>
  <suite started-at="2024-08-12T18:04:40 IST" name="Default suite" finished-at="2024-08-12T18:05:36 IST" duration-ms="55526">
    <groups>
    </groups>
    <test started-at="2024-08-12T18:04:40 IST" name="Default test" finished-at="2024-08-12T18:05:36 IST" duration-ms="55526">
      <class name="advanceSelenium.ToLearnDataProvider">
        <test-method signature="login(java.lang.String,java.lang.String)[pri:0, instance:advanceSelenium.ToLearnDataProvider@413d1baf]" started-at="2024-08-12T18:04:40 IST" name="login" data-provider="cred" finished-at="2024-08-12T18:04:49 IST" duration-ms="8435" status="PASS">
          <params>
            <param index="0">
              <value>
                <![CDATA[abc@gmail.com]]>
              </value>
            </param>
            <param index="1">
              <value>
                <![CDATA[abc@123]]>
              </value>
            </param>
          </params>
          <reporter-output>
          </reporter-output>
        </test-method> <!-- login -->
        <test-method signature="login(java.lang.String,java.lang.String)[pri:0, instance:advanceSelenium.ToLearnDataProvider@413d1baf]" started-at="2024-08-12T18:04:49 IST" name="login" data-provider="cred" finished-at="2024-08-12T18:04:56 IST" duration-ms="6799" status="PASS">
          <params>
            <param index="0">
              <value>
                <![CDATA[acd@gmail.com]]>
              </value>
            </param>
            <param index="1">
              <value>
                <![CDATA[acd@123]]>
              </value>
            </param>
          </params>
          <reporter-output>
          </reporter-output>
        </test-method> <!-- login -->
        <test-method signature="login(java.lang.String,java.lang.String)[pri:0, instance:advanceSelenium.ToLearnDataProvider@413d1baf]" started-at="2024-08-12T18:04:56 IST" name="login" data-provider="cred" finished-at="2024-08-12T18:05:02 IST" duration-ms="6515" status="PASS">
          <params>
            <param index="0">
              <value>
                <![CDATA[xyz@gmail.com]]>
              </value>
            </param>
            <param index="1">
              <value>
                <![CDATA[xyz@123]]>
              </value>
            </param>
          </params>
          <reporter-output>
          </reporter-output>
        </test-method> <!-- login -->
        <test-method signature="login(java.lang.String,java.lang.String)[pri:0, instance:advanceSelenium.ToLearnDataProvider@413d1baf]" started-at="2024-08-12T18:05:02 IST" name="login" data-provider="cred" finished-at="2024-08-12T18:05:09 IST" duration-ms="6606" status="PASS">
          <params>
            <param index="0">
              <value>
                <![CDATA[efg@gmail.com]]>
              </value>
            </param>
            <param index="1">
              <value>
                <![CDATA[efg@123]]>
              </value>
            </param>
          </params>
          <reporter-output>
          </reporter-output>
        </test-method> <!-- login -->
        <test-method signature="login(java.lang.String,java.lang.String)[pri:0, instance:advanceSelenium.ToLearnDataProvider@413d1baf]" started-at="2024-08-12T18:05:09 IST" name="login" data-provider="cred" finished-at="2024-08-12T18:05:15 IST" duration-ms="6566" status="PASS">
          <params>
            <param index="0">
              <value>
                <![CDATA[abc@gmail.com]]>
              </value>
            </param>
            <param index="1">
              <value>
                <![CDATA[abc@123]]>
              </value>
            </param>
          </params>
          <reporter-output>
          </reporter-output>
        </test-method> <!-- login -->
        <test-method signature="login(java.lang.String,java.lang.String)[pri:0, instance:advanceSelenium.ToLearnDataProvider@413d1baf]" started-at="2024-08-12T18:05:15 IST" name="login" data-provider="cred" finished-at="2024-08-12T18:05:22 IST" duration-ms="6650" status="PASS">
          <params>
            <param index="0">
              <value>
                <![CDATA[acd@gmail.com]]>
              </value>
            </param>
            <param index="1">
              <value>
                <![CDATA[acd@123]]>
              </value>
            </param>
          </params>
          <reporter-output>
          </reporter-output>
        </test-method> <!-- login -->
        <test-method signature="login(java.lang.String,java.lang.String)[pri:0, instance:advanceSelenium.ToLearnDataProvider@413d1baf]" started-at="2024-08-12T18:05:22 IST" name="login" data-provider="cred" finished-at="2024-08-12T18:05:29 IST" duration-ms="7024" status="PASS">
          <params>
            <param index="0">
              <value>
                <![CDATA[xyz@gmail.com]]>
              </value>
            </param>
            <param index="1">
              <value>
                <![CDATA[xyz@123]]>
              </value>
            </param>
          </params>
          <reporter-output>
          </reporter-output>
        </test-method> <!-- login -->
        <test-method signature="login(java.lang.String,java.lang.String)[pri:0, instance:advanceSelenium.ToLearnDataProvider@413d1baf]" started-at="2024-08-12T18:05:29 IST" name="login" data-provider="cred" finished-at="2024-08-12T18:05:36 IST" duration-ms="6785" status="PASS">
          <params>
            <param index="0">
              <value>
                <![CDATA[efg@gmail.com]]>
              </value>
            </param>
            <param index="1">
              <value>
                <![CDATA[efg@123]]>
              </value>
            </param>
          </params>
          <reporter-output>
          </reporter-output>
        </test-method> <!-- login -->
      </class> <!-- advanceSelenium.ToLearnDataProvider -->
    </test> <!-- Default test -->
  </suite> <!-- Default suite -->
</testng-results>
