<?xml version="1.0" encoding="UTF-8"?>
<!-- Generated by org.testng.reporters.JUnitXMLReporter -->
<testsuite ignored="2" hostname="DESKTOP-FIF2BTC" failures="0" tests="5" name="Test" time="84.935" errors="0" timestamp="2024-08-07T19:59:27 IST">
  <testcase classname="cars.Citroen" name="citroenMethod" time="10.332"/>
  <testcase classname="cars.MarutiSuzuki" name="maruthiSuzukiMethod" time="58.336"/>
  <testcase classname="cars.Hyundai" name="hyundaiMethod" time="6.982"/>
  <testcase classname="cars.Volkswagen" name="volkswagenMethod" time="4.642"/>
  <testcase classname="cars.BMW" name="bmwMethod" time="4.539"/>
  <testcase classname="cars.Jeep" name="jeepMethod" time="0.0">
    <ignored/>
  </testcase> <!-- jeepMethod -->
  <testcase classname="cars.Honda" name="hondaMethod" time="0.0">
    <ignored/>
  </testcase> <!-- hondaMethod -->
</testsuite> <!-- Test -->
